[    0000] Initialing ro subsys cpet
[  000000] Inializg roup subsys cp
[    00000] Initializing cgroup subs cacct
[  0000000Liux vrsion .4.0-210-generic (buildd@lgw-a64-009) (gcc veron.4.0 20160609 (Unt5.4.0-6ubuntu1~1042) ) #242-UbuntuMPri Apr 16 09:57: UC 021 buu 4.0-0.242-generic 4.26
[    0.000000] Cma line: BOOT_IMAG/bt/vmlinuz-4.4.0-0-neric root=LABELloimg-rootfs ro cooltty1 console=tty
   0.000 KERNEL supported cpus:
[    0000]   Intel GenuineIntel
[    0.000000]   AMD AuthenticAMD
[    0.000000]   Centaur CentaurHauls
[    0.000000] x86/fpu: xstate_offset[2]:  576, xstate_sizes[2]:  256
[    0.000000] x86/fpu: Supporting XSAVE feature 0x01: 'x87 floating point registers'
[    0.000000] x86/fpu: Supporting XSAVE feature 0x02: 'SSE registers'
[    0.000000] x86/fpu: Supporting XSAVE feature 0x04: 'AVX registers'
[    0.000000] x86/fpu: Enabled xstate featur 07, context size is 832 bytes, using 'standard' format.
[    0.000000] e820: BIOS-provided physical RAM map:
[    0.000000] BIOS-e820: [mem 0x0000000000000000-0x000000000009fbff] usable
[    0.000000] BIOS-e820: [mem 0x000000000009fc00-0x000000000009ffff] reserved
[    0.000000] BIOS-e820: [mem 0x00000000000f0000-0x00000000000fffff] reserved
[    0.000000] BIOS-e820: [mem 0x0000000000100000-0x00000000dffeffff] usable
[    0.000000] BIOS-e820: [mem 0x00000000dfff0000-0x00000000dfffffff] ACPI data
[    0.000000] BIOS-e820: [mem 0x00000000fec00000-0x00000000fec00fff] reserved
[    0.000000] BIOS-e820: [mem 0x00000000fee00000-0x00000000fee00fff] reserved
[    0.000000] BIOS-e820: [mem 0x00000000fffc0000-0x00000000ffffffff] reserved
[    0.000000] BIOS-e820: [mem 0x0000000100000000-0x0000000c9fffffff] usable
[    0.000000] NX (Execute Disable) protection: active
[    0.000000] SMBIOS 2.5 present.
[    0.000000] Hypervisor detected: KVM
[    0.000000] e820: last_pfn = 0xca0000 max_arch_pfn = 0x400000000
[    0.000000] MTRR: Disabled
[    0.000000] x86/PAT: MTRRs disabled, skipping PAT initialization too.
[    0.000000] CPU MTRRs all blank - virtualized system.
[    0.000000] x86/PAT: Configuration [0-7]: WB  WT  UC- UC  WB  WT  UC- UC  
[    0.000000] e820: last_pfn = 0xdfff0 max_arch_pfn = 0x400000000
[    0.000000] found SMP MP-table at [mem 0x0009fff0-0x0009ffff] mapped at [ffff88000009fff0]
[    0.000000] Scanning 1 areas for low memory corruption
[    0.000000] RAMDISK: [mem 0x362dc000-0x37165fff]
[    0.000000] ACPI: Early table checksum verification disabled
[    0.000000] ACPI: RSDP 0x00000000000E0000 000024 (v02 VBOX  )
[    0.000000] ACPI: XSDT 0x00000000DFFF0030 00003C (v01 VBOX   VBOXXSDT 00000001 ASL  00000061)
[    0.000000] ACPI: FACP 0x00000000DFFF00F0 0000F4 (v04 VBOX   VBOXFACP 00000001 ASL  00000061)
[    0.000000] ACPI: DSDT 0x00000000DFFF0500 0021FF (v02 VBOX   VBOXBIOS 00000002 INTL 20180105)
[    0.000000] ACPI: FACS 0x00000000DFFF0200 000040
[    0.000000] ACPI: FACS 0x00000000DFFF0200 000040
[    0.000000] ACPI: APIC 0x00000000DFFF0240 0000EC (v02 VBOX   VBOXAPIC 00000001 ASL  00000061)
[    0.000000] ACPI: SSDT 0x00000000DFFF0330 0001CC (v01 VBOX   VBOXCPUT 00000002 INTL 20180105)
[    0.000000] No NUMA configuration found
[    0.000000] Faking a node at [mem 0x0000000000000000-0x0000000c9fffffff]
[    0.000000] NODE_DATA(0) allocated [mem 0xc9ffcb000-0xc9ffcffff]
[    0.000000] kvm-clock: Using msrs 4b564d01 and 4b564d00
[    0.000000] kvm-clock: cpu 0, msr c:9ffc3001, primary cpu clock
[    0.000000] kvm-clock: using sched offset of 3543872997 cycles
[    0.000000] clocksource: kvm-clock: mask: 0xffffffffffffffff max_cycles: 0x1cd42e4dffb, max_idle_ns: 881590591483 ns
[    0.000000] Zone ranges:
[    0.000000]   DMA      [mem 0x0000000000001000-0x0000000000ffffff]
[    0.000000]   DMA32    [mem 0x0000000001000000-0x00000000ffffffff]
[    0.000000]   Normal   [mem 0x0000000100000000-0x0000000c9fffffff]
[    0.000000]   Device   empty
[    0.000000] Movable zone start for each node
[    0.000000] Early memory node ranges
[    0.000000]   node   0: [mem 0x0000000000001000-0x000000000009efff]
[    0.000000]   node   0: [mem 0x0000000000100000-0x00000000dffeffff]
[    0.000000]   node   0: [mem 0x0000000100000000-0x0000000c9fffffff]
[    0.000000] Initmem setup node 0 [mem 0x0000000000001000-0x0000000c9fffffff]
[    0.000000] ACPI: PM-Timer IO Port: 0x4008
[    0.000000] IOAPIC[0]: apic_id 20, version 32, address 0xfec00000, GSI 0-23
[    0.000000] ACPI: INT_SRC_OVR (bus 0 bus_irq 0 global_irq 2 dfl dfl)
[    0.000000] ACPI: INT_SRC_OVR (bus 0 bus_irq 9 global_irq 9 low level)
[    0.000000] Using ACPI (MADT) for SMP configuration information
[    0.000000] smpboot: Allowing 20 CPUs, 0 hotplug CPUs
[    0.000000] PM: Registered nosave memory: [mem 0x00000000-0x00000fff]
[    0.000000] PM: Registered nosave memory: [mem 0x0009f000-0x0009ffff]
[    0.000000] PM: Registered nosave memory: [mem 0x000a0000-0x000effff]
[    0.000000] PM: Registered nosave memory: [mem 0x000f0000-0x000fffff]
[    0.000000] PM: Registered nosave memory: [mem 0xdfff0000-0xdfffffff]
[    0.000000] PM: Registered nosave memory: [mem 0xe0000000-0xfebfffff]
[    0.000000] PM: Registered nosave memory: [mem 0xfec00000-0xfec00fff]
[    0.000000] PM: Registered nosave memory: [mem 0xfec01000-0xfedfffff]
[    0.000000] PM: Registered nosave memory: [mem 0xfee00000-0xfee00fff]
[    0.000000] PM: Registered nosave memory: [mem 0xfee01000-0xfffbffff]
[    0.000000] PM: Registered nosave memory: [mem 0xfffc0000-0xffffffff]
[    0.000000] e820: [mem 0xe0000000-0xfebfffff] available for PCI devices
[    0.000000] Booting paravirtualized kernel on KVM
[    0.000000] clocksource: refined-jiffies: mask: 0xffffffff max_cycles: 0xffffffff, max_idle_ns: 7645519600211568 ns
[    0.000000] setup_percpu: NR_CPUS:512 nr_cpumask_bits:512 nr_cpu_ids:20 nr_node_ids:1
[    0.000000] PERCPU: Embedded 33 pages/cpu @ffff880c6d000000 s95192 r8192 d31784 u262144
[    0.000000] Built 1 zonelists in Node order, mobility grouping on.  Total pages: 12902264
[    0.000000] Policy zone: Normal
[    0.000000] Kernel command line: BOOT_IMAGE=/boot/vmlinuz-4.4.0-210-generic root=LABEL=cloudimg-rootfs ro console=tty1 console=ttyS0
[    0.000000] PID hash table entries: 4096 (order: 3, 32768 bytes)
[    0.000000] Memory: 51506568K/52428344K available (8644K kernel code, 1332K rwdata, 4044K rodata, 1492K init, 1164K bss, 921776K reserved, 0K cma-reserved)
[    0.000000] SLUB: HWalign=64, Order=0-3, MinObjects=0, CPUs=20, Nodes=1
[    0.000000] Kernel/User page tables isolation: enabled
[    0.000000] Hierarchical RCU implementation.
[    0.000000] 	Build-time adjustment of leaf fanout to 64.
[    0.000000] 	RCU restricting CPUs from NR_CPUS=512 to nr_cpu_ids=20.
[    0.000000] RCU: Adjusting geometry for rcu_fanout_leaf=64, nr_cpu_ids=20
[    0.000000] NR_IRQS:33024 nr_irqs:584 16
[    0.000000] Console: colour VGA+ 80x25
[    0.000000] console [tty1] enabled
[    0.000000] console [ttyS0] enabled
[    0.000000] tsc: Detected 2100.002 MHz processor
[    3.412462] Calibrating delay loop (skipped) preset value.. 4200.00 BogoMIPS (lpj=8400008)
[    3.414263] pid_max: default: 32768 minimum: 301
[    3.415190] ACPI: Core revision 20150930
[    3.417011] ACPI: 2 ACPI AML tables successfully acquired and loaded
[    3.418330] Security Framework initialized
[    3.419176] Yama: becoming mindful.
[    3.420705] AppArmor: AppArmor initialized
[    3.425670] Dentry cache hash table entries: 8388608 (order: 14, 67108864 bytes)
[    3.460976] Inode-cache hash table entries: 4194304 (order: 13, 33554432 bytes)
[    3.478051] Mount-cache hash table entries: 131072 (order: 8, 1048576 bytes)
[    3.480145] Mountpoint-cache hash table entries: 131072 (order: 8, 1048576 bytes)
[    3.482106] Initializing cgroup subsys io
[    3.482963] Initializing cgroup subsys memory
[    3.483864] Initializing cgroup subsys devices
[    3.484816] Initializing cgroup subsys freezer
[    3.485727] Initializing cgroup subsys net_cls
[    3.486633] Initializing cgroup subsys perf_event
[    3.487581] Initializing cgroup subsys net_prio
[    3.488536] Initializing cgroup subsys hugetlb
[    3.489471] Initializing cgroup subsys pids
[    3.491141] mce: CPU supports 0 MCE banks
[    3.492029] Last level iTLB entries: 4KB 64, 2MB 8, 4MB 8
[    3.493078] Last level dTLB entries: 4KB 64, 2MB 0, 4MB 0, 1GB 4
[    3.494204] Spectre V1 : Mitigation: usercopy/swapgs barriers and __user pointer sanitization
[    3.495898] Spectre V2 : Mitigation: Full generic retpoline
[    3.496996] Spectre V2 : Spectre v2 / SpectreRSB mitigation: Filling RSB on context switch
[    3.498653] Speculative Store Bypass: Vulnerable
[    3.499672] MDS: Mitigation: Clear CPU buffers
[    3.503017] Freeing SMP alternatives memory: 36K
[    3.509262] ftrace: allocating 32380 entries in 127 pages
[    3.563642] smpboot: APIC(0) Converting physical 0 to logical package 0
[    3.564923] smpboot: Max logical packages: 1
[    3.566093] x2apic enabled
[    3.566986] Switched APIC routing to physical x2apic.
[    3.569137] ..TIMER: vector=0x30 apic1=0 pin1=2 apic2=-1 pin2=-1
[    3.678363] smpboot: CPU0: Intel(R) Xeon(R) CPU E5-2620 v4 @ 2.10GHz (family: 0x6, model: 0x4f, stepping: 0x1)
[    3.680599] Performance Events: unsupported p6 CPU model 79 no PMU driver, software events only.
[    3.693523] KVM setup paravirtual spinlock
[    3.697032] x86: Booting SMP configuration:
[    3.698010] .... node  #0, CPUs:        #1
[    3.699278] kvm-clock: cpu 1, msr c:9ffc3041, secondary cpu clock
[    3.702030] mce: CPU supports 0 MCE banks
[    3.705187]   #2
[    3.705907] kvm-clock: cpu 2, msr c:9ffc3081, secondary cpu clock
[    3.708609] mce: CPU supports 0 MCE banks
[    3.711775]   #3
[    3.712745] kvm-clock: cpu 3, msr c:9ffc30c1, secondary cpu clock
[    3.715452] mce: CPU supports 0 MCE banks
[    3.718601]   #4
[    3.719323] kvm-clock: cpu 4, msr c:9ffc3101, secondary cpu clock
[    3.722128] mce: CPU supports 0 MCE banks
[    3.725271]   #5
[    3.725984] kvm-clock: cpu 5, msr c:9ffc3141, secondary cpu clock
[    3.728709] mce: CPU supports 0 MCE banks
[    3.731864]   #6
[    3.732617] kvm-clock: cpu 6, msr c:9ffc3181, secondary cpu clock
[    3.735423] mce: CPU supports 0 MCE banks
[    3.738568]   #7
[    3.739375] kvm-clock: cpu 7, msr c:9ffc31c1, secondary cpu clock
[    3.742169] mce: CPU supports 0 MCE banks
[    3.745319]   #8
[    3.746301] kvm-clock: cpu 8, msr c:9ffc3201, secondary cpu clock
[    3.749116] mce: CPU supports 0 MCE banks
[    3.752328]   #9
[    3.752987] kvm-clock: cpu 9, msr c:9ffc3241, secondary cpu clock
[    3.755056] mce: CPU supports 0 MCE banks
[    3.757833]  #10
[    3.758557] kvm-clock: cpu 10, msr c:9ffc3281, secondary cpu clock
[    3.761409] mce: CPU supports 0 MCE banks
[    3.764544]  #11
[    3.765346] kvm-clock: cpu 11, msr c:9ffc32c1, secondary cpu clock
[    3.768740] mce: CPU supports 0 MCE banks
[    3.773069]  #12
[    3.773951] kvm-clock: cpu 12, msr c:9ffc3301, secondary cpu clock
[    3.776792] mce: CPU supports 0 MCE banks
[    3.779985]  #13
[    3.780648] kvm-clock: cpu 13, msr c:9ffc3341, secondary cpu clock
[    3.783609] mce: CPU supports 0 MCE banks
[    3.786916]  #14
[    3.787616] kvm-clock: cpu 14, msr c:9ffc3381, secondary cpu clock
[    3.790544] mce: CPU supports 0 MCE banks
[    3.793709]  #15
[    3.794281] kvm-clock: cpu 15, msr c:9ffc33c1, secondary cpu clock
[    3.797416] mce: CPU supports 0 MCE banks
[    3.800295]  #16
[    3.801305] kvm-clock: cpu 16, msr c:9ffc3401, secondary cpu clock
[    3.804135] mce: CPU supports 0 MCE banks
[    3.807427]  #17
[    3.808126] kvm-clock: cpu 17, msr c:9ffc3441, secondary cpu clock
[    3.812155] mce: CPU supports 0 MCE banks
[    3.815434]  #18
[    3.816185] kvm-clock: cpu 18, msr c:9ffc3481, secondary cpu clock
[    3.819184] mce: CPU supports 0 MCE banks
[    3.822392]  #19
[    3.823145] kvm-clock: cpu 19, msr c:9ffc34c1, secondary cpu clock
[    3.825734] mce: CPU supports 0 MCE banks
[    3.828722] x86: Booted up 1 node, 20 CPUs
[    3.830295] smpboot: Total of 20 processors activated (84000.08 BogoMIPS)
[    3.833979] devtmpfs: initialized
[    3.842277] evm: security.selinux
[    3.843251] evm: security.SMACK64
[    3.844292] evm: security.SMACK64EXEC
[    3.845483] evm: security.SMACK64TRANSMUTE
[    3.846749] evm: security.SMACK64MMAP
[    3.847877] evm: security.ima
[    3.848824] evm: security.capability
[    3.850218] clocksource: jiffies: mask: 0xffffffff max_cycles: 0xffffffff, max_idle_ns: 7645041785100000 ns
[    3.854091] futex hash table entries: 8192 (order: 7, 524288 bytes)
[    3.855692] pinctrl core: initialized pinctrl subsystem
[    3.856916] RTC time:  9:56:04, date: 05/20/22
[    3.858556] NET: Registered protocol family 16
[    3.871773] cpuidle: using governor ladder
[    3.932095] cpuidle: using governor menu
[    3.938434] PCCT header not found.
[    3.944787] ACPI: bus type PCI registered
[    3.982884] acpiphp: ACPI Hot Plug PCI Controller Driver version: 0.5
[    3.995236] PCI: Using configuration type 1 for base access
[    4.014027] ACPI: Added _OSI(Module Device)
[    4.026919] ACPI: Added _OSI(Processor Device)
[    4.028209] ACPI: Added _OSI(3.0 _SCP Extensions)
[    4.029534] ACPI: Added _OSI(Processor Aggregator Device)
[    4.033044] ACPI: Executed 1 blocks of module-level executable AML code
[    4.038357] ACPI: Interpreter enabled
[    4.039282] ACPI: (supports S0 S5)
[    4.040248] ACPI: Using IOAPIC for interrupt routing
[    4.041605] PCI: Using host bridge windows from ACPI; if necessary, use "pci=nocrs" and report a bug
[    4.048075] ACPI: PCI Root Bridge [PCI0] (domain 0000 [bus 00-ff])
[    4.060504] acpi PNP0A03:00: _OSC: OS supports [ASPM ClockPM Segments MSI]
[    4.063452] acpi PNP0A03:00: _OSC: not requesting OS control; OS requires [ExtendedConfig ASPM ClockPM MSI]
[    4.066225] acpi PNP0A03:00: fail to add MMCONFIG information, can't access extended PCI configuration space under this bridge.
[    4.069711] PCI host bridge to bus 0000:00
[    4.070949] pci_bus 0000:00: root bus resource [io  0x0000-0x0cf7 window]
[    4.072584] pci_bus 0000:00: root bus resource [io  0x0d00-0xffff window]
[    4.073985] pci_bus 0000:00: root bus resource [mem 0x000a0000-0x000bffff window]
[    4.075842] pci_bus 0000:00: root bus resource [mem 0xe0000000-0xfdffffff window]
[    4.077582] pci_bus 0000:00: root bus resource [bus 00-ff]
[    4.080908] pci 0000:00:01.1: legacy IDE quirk: reg 0x10: [io  0x01f0-0x01f7]
[    4.082262] pci 0000:00:01.1: legacy IDE quirk: reg 0x14: [io  0x03f6]
[    4.083659] pci 0000:00:01.1: legacy IDE quirk: reg 0x18: [io  0x0170-0x0177]
[    4.085185] pci 0000:00:01.1: legacy IDE quirk: reg 0x1c: [io  0x0376]
[    4.964653] pci 0000:00:07.0: quirk: [io  0x4000-0x403f] claimed by PIIX4 ACPI
[    4.975125] pci 0000:00:07.0: quirk: [io  0x4100-0x410f] claimed by PIIX4 SMB
[    5.523240] ACPI: PCI Interrupt Link [LNKA] (IRQs 5 9 10 *11)
[    5.528569] ACPI: PCI Interrupt Link [LNKB] (IRQs 5 9 *10 11)
[    5.535761] ACPI: PCI Interrupt Link [LNKC] (IRQs 5 *9 10 11)
[    5.540096] ACPI: PCI Interrupt Link [LNKD] (IRQs 5 9 10 *11)
[    5.544533] ACPI: Enabled 2 GPEs in block 00 to 07
[    5.549006] vgaarb: setting as boot device: PCI:0000:00:02.0
[    5.552505] vgaarb: device added: PCI:0000:00:02.0,decodes=io+mem,owns=io+mem,locks=none
[    5.557308] vgaarb: loaded
[    5.559362] vgaarb: bridge control possible 0000:00:02.0
[    5.562641] SCSI subsystem initialized
[    5.565957] ACPI: bus type USB registered
[    5.569445] usbcore: registered new interface driver usbfs
[    5.572585] usbcore: registered new interface driver hub
[    5.576059] usbcore: registered new device driver usb
[    5.579585] PCI: Using ACPI for IRQ routing
[    5.583226] NetLabel: Initializing
[    5.585431] NetLabel:  domain hash size = 128
[    5.587835] NetLabel:  protocols = UNLABELED CIPSOv4
[    5.590533] NetLabel:  unlabeled traffic allowed by default
[    5.594047] amd_nb: Cannot enumerate AMD northbridges
[    5.597452] clocksource: Switched to clocksource kvm-clock
[    5.614173] AppArmor: AppArmor Filesystem Enabled
[    5.615540] pnp: PnP ACPI init
[    5.617384] pnp: PnP ACPI: found 3 devices
[    5.631084] clocksource: acpi_pm: mask: 0xffffff max_cycles: 0xffffff, max_idle_ns: 2085701024 ns
[    5.633460] NET: Registered protocol family 2
[    5.637079] TCP established hash table entries: 524288 (order: 10, 4194304 bytes)
[    5.640639] TCP bind hash table entries: 65536 (order: 8, 1048576 bytes)
[    5.642389] TCP: Hash tables configured (established 524288 bind 65536)
[    5.644889] UDP hash table entries: 32768 (order: 8, 1048576 bytes)
[    5.646609] UDP-Lite hash table entries: 32768 (order: 8,1048576 bytes)
[    5.675065] NET: Registered protocol family 1
[    5.702850] pci 0000:00:00.0: Limiting direct PCI/PCI transfers
[    5.704302] pci 0000:00:01.0: Activating ISA DMA hang workarounds
[    5.705981] Unpacking initramfs...

[  5397]rengnid moy: 14888
[   6.404921] PCI-DMA: Using software bounce buffering for IO (SWIOTLB)
[  6067]ofarIOLBmapped [mem 0xdbff0000-0xdfff0000] (64MB)
[    6.962103] clocksource: tsc: mask: 0xffffffffffffffff max_cycles: 0x1e453273c08, max_idle_ns: 440795283667 ns
[    6.964671] platform rtc_cmos: registered platform RTC device (no PNP device found)
[    6.966733] Scanning for low memory corruption every 60 seconds
[    6.969193] audit: initializing netlink subsys (disabled)
[    6.970524] audit: type=2000 audit(1653040569.853:1): initialized
[  672255] Initialise system trusted keyring
[    7.062359] HugeTLB registered 2 MB page size, pre-allocated 0 pages
[    7.066102] zbud: loaded
[    7.067372] VFS: Disk quotas dquot_6.6.0
[    7.068494] VFS: Dquot-cache hash table entries: 512 (order 0, 4096 bytes)
[   .045 sasfsveio4.(2009/01/31) Phillip Lougher
  7.84] seni (PIversion 7.23)
[    7.830297] Key type big_key registered
[    7.831582] Allocating IMA MOK and blacklist keyrings.
[    7.836576] Key type asymmetric registered
[    7.837747] Asymmetric key parser 'x509' registered
[    7.839191] Block layer SCSI generic (bsg) driver version 0.4 loaded (major 249)

[    7.841764] io scheduler noop registered
[    7.844082] io scheduler deadline registered (default)
[    7.846498] io scheduler cfq registered
[    7.848510] pci_hotplug: PCI Hot Plug PCI Core version: 0.5
[    7.856222] pciehp: PCI Express Hot Plug Controller Driver version: 0.4
[    7.859866] ACPI: AC Adapter [AC] (on-line)
[    7.862182] input: Power Button as /devices/LNXSYSTM:00/LNXPWRBN:00/input/input0
[    7.864288] ACPI: Power Button [PWRF]
[    7.866087] input: Sleep Button as /devices/LNXSYSTM:00/LNXSLPBN:00/input/input1
[    7.868101] ACPI: Sleep Button [SLPF]
[    7.870210] GHES: HEST is not enabled!
[    7.872292] Serial: 8250/16550 driver, 32 ports, IRQ sharing enabled
[    7.900554] 00:02: ttyS0 at I/O 0x3f8 (irq = 4, base_baud = 115200) is a 16550A
[    7.914938] Linux agpgart interface v0.103
[    7.924907] loop: module loaded
[    7.926686] scsi host0: ata_piix
[    7.927999] scsi host1: ata_piix
[    7.928985] ata1: PATA max UDMA/33 cmd 0x1f0 ctl 0x3f6 bmdma 0xd000 irq 14
[    7.930609] ata2: PATA max UDMA/33 cmd 0x170 ctl 0x376 bmdma 0xd008 irq 15
[    7.932269] libphy: Fixed MDIO Bus: probed
[    7.933423] tun: Universal TUN/TAP device driver, 1.6
[    7.934684] tun: (C) 1999-2004 Max Krasnyansky <maxk@qualcomm.com>
[    7.936286] PPP generic driver version 2.4.2
[    7.937644] ehci_hcd: USB 2.0 'Enhanced' Host Controller (EHCI) Driver
[    7.939154] ehci-pci: EHCI PCI platform driver
[    7.940272] ehci-platform: EHCI generic platform driver
[    7.941528] ohci_hcd: USB 1.1 'Open' Host Controller (OHCI) Driver
[    7.942970] ohci-pci: OHCI PCI platform driver
[    7.944085] ohci-platform: OHCI generic platform driver
[    7.945332] uhci_hcd: USB Universal Host Controller Interface driver
[    7.946884] i8042: PNP: PS/2 Controller [PNP0303:PS2K,PNP0f03:PS2M] at 0x60,0x64 irq 1,12
[    7.949483] serio: i8042 KBD port at 0x60,0x64 irq 1
[    7.950704] serio: i8042 AUX port at 0x60,0x64 irq 12
[    7.952245] mousedev: PS/2 mouse device common for all mice
[    7.954479] input: AT Translated Set 2 keyboard as /devices/platform/i8042/serio0/input/input2
[    7.956610] rtc_cmos rtc_cmos: rtc core: registered rtc_cmos as rtc0
[    7.958221] rtc_cmos rtc_cmos: alarms up to one day, 114 bytes nvram
[    7.959769] i2c /dev entries driver
[    7.960785] device-mapper: uevent: version 1.0.3
[    7.962203] device-mapper: ioctl: 4.34.0-ioctl (2015-10-28) initialised: dm-devel@redhat.com
[    7.964305] ledtrig-cpu: registered to indicate activity on CPUs
[    7.966712] NET: Registered protocol family 10
[    7.968277] NET: Registered protocol family 17
[    7.969445] Key type dns_resolver registered
[    7.972390] registered taskstats version 1
[    7.973471] Loading compiled-in X.509 certificates
[    7.975578] Loaded X.509 cert 'Build time autogenerated kernel key: cf00e047681d67edb2720680708b7d9498083038'
[    7.977971] zswap: loaded using pool lzo/zbud
[    7.983562] Key type trusted registered
[    7.993013] Key type encrypted registered
[    7.994745] AppArmor: AppArmor sha1 policy hashing enabled
[    7.996443] ima: No TPM chip found, activating TPM-bypass!
[    7.998249] ima: Allocated hash algorithm: sha1
[    7.999747] evm: HMAC attrs: 0x1
[    8.002004]   Magic number: 6:341:930
[    8.003073] memory memory357: hash matches
[    8.004393] rtc_cmos rtc_cmos: setting system clock to 2022-05-20 09:56:08 UTC (1653040568)
[    8.007144] BIOS EDD facility v0.16 2004-Jun-25, 0 devices found
[    8.008562] EDD information not available.
[    8.087362] Freeing unused kernel memory: 1492K
[    8.088830] Write protecting the kernel read-only data: 14336k
[    8.092149] Freeing unused kernel memory: 1584K
[    8.345421] Freeing unused kernel memory: 52K
Loading, please wait...
starting version 229
[    8.374775] random: systemd-udevd: uninitialized urandom read (16 bytes read, 3 bits of entropy available)
[    8.375773] random: udevadm: uninitialized urandom read (16 bytes read, 3 bits of entropy available)
[    8.375806] random: udevadm: uninitialized urandom read (16 bytes read, 3 bits of entropy available)
[    8.387820] random: systemd-udevd: uninitialized urandom read (16 bytes read, 3 bits of entropy available)
[    8.388493] random: udevadm: uninitialized urandom read (16 bytes read, 3 bits of entropy available)
[    8.388538] random: udevadm: uninitialized urandom read (16 bytes read, 3 bits of entropy available)
[    8.389988] random: udevadm: uninitialized urandom read (16 bytes read, 3 bits of entropy available)
[    8.390046] random: udevadm: uninitialized urandom read (16 bytes read, 3 bits of entropy available)
[    8.390096] random: udevadm: uninitialized urandom read (16 bytes read, 3 bits of entropy available)
[    8.390151] random: udevadm: uninitialized urandom read (16 bytes read, 3 bits of entropy available)
[    8.441027] e1000: Intel(R) PRO/1000 Network Driver - version 7.3.21-k8-NAPI
[    8.448596] e1000: Copyright (c) 1999-2006 Intel Corporation.
[    8.478055] Fusion MPT base driver 3.04.20
[    8.480609] Copyright (c) 1999-2008 LSI Corporation
[    8.516982] Fusion MPT SPI Host driver 3.04.20
[    8.527229] AVX2 version of gcm_enc/dec engaged.
[    8.531754] AES CTR mode by8 optimization enabled
[    8.718216] input: ImExPS/2 Generic Explorer Mouse as /devices/platform/i8042/serio1/input/input4
[    8.880138] e1000 0000:00:03.0 eth0: (PCI:33MHz:32-bit) 02:be:82:6b:cc:1d
[    8.962075] e1000 0000:00:03.0 eth0: Intel(R) PRO/1000 Network Connection
[    9.470723] e1000 0000:00:08.0 eth1: (PCI:33MHz:32-bit) 08:00:27:ae:d2:ef
[    9.566667] e1000 0000:00:08.0 eth1: Intel(R) PRO/1000 Network Connection
[    9.569846] mptbase: ioc0: Initiating bringup
[    9.570555] e1000 0000:00:03.0 enp0s3: renamed from eth0
[    9.929878] e1000 0000:00:08.0 enp0s8: renamed from eth1
[    9.977562] ioc0: LSI53C1030 A0: Capabilities={Initiator}
[   11.017572] scsi host2: ioc0: LSI53C1030 A0, FwRev=00000000h, Ports=1, MaxQ=256, IRQ=20
[   11.585316] scsi 2:0:0:0: Direct-Access     VBOX     HARDDISK         1.0  PQ: 0 ANSI: 5
[   11.776574] scsi target2:0:0: Beginning Domain Validation
[   11.794867] scsi target2:0:0: Domain Validation skipping write tests
[   11.796285] scsi target2:0:0: Ending Domain Validation
[   11.797567] scsi target2:0:0: asynchronous
[   11.799040] scsi 2:0:1:0: Direct-Access     VBOX     HARDDISK         1.0  PQ: 0 ANSI: 5
[   11.801154] scsi target2:0:1: Beginning Domain Validation
[   11.803389] scsi target2:0:1: Domain Validation skipping write tests
[   11.804692] scsi target2:0:1: Ending Domain Validation
[   11.805967] scsi target2:0:1: asynchronous
[   11.816759] sd 2:0:0:0: Attached scsi generic sg0 type 0
[   11.819396] sd 2:0:0:0: [sda] 83886080 512-byte logical blocks: (42.9 GB/40.0 GiB)
[   11.819538] sd 2:0:1:0: Attached scsi generic sg1 type 0
[   11.819670] sd 2:0:1:0: [sdb] 20480 512-byte logical blocks: (10.5 MB/10.0 MiB)
[   11.819972] sd 2:0:1:0: [sdb] Write Protect is off
[   11.820175] sd 2:0:1:0: [sdb] Incomplete mode parameter data
[   11.820178] sd 2:0:1:0: [sdb] Assuming drive cache: write through
[   11.824379] sd 2:0:1:0: [sdb] Attached SCSI disk
[   11.837077] sd 2:0:0:0: [sda] Write Protect is off
[   11.839885] sd 2:0:0:0: [sda] Incomplete mode parameter data
[   11.842704] sd 2:0:0:0: [sda] Assuming drive cache: write through
[   11.846433]  sda: sda1
[   11.848223] sd 2:0:0:0: [sda] Attached SCSI disk
Begin: Loading e[   13.378687] md: linear personality registered for level -1
ssential drivers ... [   13.389012] md: multipath personality registered for level -4
[   13.397261] md: raid0 personality registered for level 0
[   13.416296] md: raid1 personality registered for level 1
[   13.489888] raid6: sse2x1   gen()  6686 MB/s
[   13.557645] raid6: sse2x1   xor()  4969 MB/s
[   14.158862] raid6: sse2x2   gen() 11502 MB/s
[   14.595268] raid6: sse2x2   xor()  7543 MB/s
[   15.446298] raid6: sse2x4   gen() 15139 MB/s
[   15.522792] raid6: sse2x4   xor()  8392 MB/s
[   15.589483] raid6: avx2x1   gen() 15887 MB/s
[   16.014172] raid6: avx2x2   gen() 20170 MB/s
[   16.525570] raid6: avx2x4   gen() 22582 MB/s
[   16.641539] raid6: using algorithm avx2x4 gen() 22582 MB/s
[   17.089360] raid6: using avx2x2 recovery algorithm
[   17.243792] xor: automatically using best checksumming function:
[   17.310198]    avx       : 79315.000 MB/sec
[   17.315283] async_tx: api initialized (async)
[   17.349207] md: raid6 personality registered for level 6
[   17.355512] md: raid5 personality registered for level 5
[   17.356835] md: raid4 personality registered for level 4
[   17.379561] md: raid10 personality registered for level 10
done.
Begin: Running /scripts/init-premount ... done.
Begin: Mounting root file system ... Begin: Running /scripts/local-top ... done.
Begin: Running /scripts/local-premount ... [   17.443635] Btrfs loaded
Scanning for Btrfs filesystems
done.
Warning: fsck not present, so skipping root file system
[   17.500131] EXT4-fs (sda1): mounted filesystem with ordered data mode. Opts: (null)
done.
Begin: Running /scripts/local-bottom ... done.
Begin: Running /scripts/init-bottom ... done.
[   17.706794] systemd[1]: systemd 229 running in system mode. (+PAM +AUDIT +SELINUX +IMA +APPARMOR +SMACK +SYSVINIT +UTMP +LIBCRYPTSETUP +GCRYPT +GNUTLS +ACL +XZ -LZ4 +SECCOMP +BLKID +ELFUTILS +KMOD -IDN)
[   17.717235] systemd[1]: Detected virtualization oracle.
[   17.718886] systemd[1]: Detected architecture x86-64.

Welcome to [1mUbuntu 16.04.7 LTS[0m!

[   17.724277] systemd[1]: Set hostname to <ubuntu>.
[   17.728610] systemd[1]: Initializing machine ID from random generator.
[   17.730609] systemd[1]: Installed transient /etc/machine-id file.
[ 18102]ystemd[1]: Listening on Device-mapper evendaonIF.
[[0;32m  OK  [0m] Listening on Device-mapper event daemon FIFOs.
[   18.755360] systemd[1]: Reached target Encrypted Volumes.
[[0;32m  OK  [0m] Reached target Encrypted Volumes.
[   18.758865] systemd[1]: Listening on Journal Socket (/dev/log).
[[0;32m  OK  [0m] Listening on Journal Socket (/dev/log).
[   18.762758] systemd[1]: Listening on udev Control Socket.
[[0;32m  OK  [0m] Listening on udev Control Socket.
[   18.766156] systemd[1]: Listening on Syslog Socket.
[[0;32m  OK  [0m] Listening on Syslog Socket.
[   18.769136] systemd[1]: Listening on LVM2 poll daemon socket.
[[0;32m  OK  [0m] Listening on LVM2 poll daemon socket.
[   18.772140] systemd[1]: Created slice System Slice.
[[0;32m  OK  [0m] Created slice System Slice.
[   18.774479] systemd[1]: Reached target User and Group Name Lookups.
[[0;32m  OK  [0m] Reached target User and Group Name Lookups.
[   18.777445] systemd[1]: Set up automount Arbitrary Executable File Formats File System Automount Point.
[[0;32m  OK  [0m] Set up automount Arbitrary Executab...ats File System Automount Point.
[   18.788761] systemd[1]: Listening on Journal Socket.
[[0;32m  OK  [0m] Listening on Journal Socket.
[   18.806242] systemd[1]: Starting Uncomplicated firewall...
         Starting Uncomplicated firewall...
[   18.817215] systemd[1]: Starting Nameserver information manager...
         Starting Nameserver information manager...
[   18.821762] systemd[1]: Mounting Huge Pages File System...
         Mounting Huge Pages File System...
[   18.825406] systemd[1]: Listening on Journal Audit Socket.
[[0;32m  OK  [0m] Listening on Journal Audit Socket.
[   18.832973] systemd[1]: Starting Create list of required static device nodes for the current kernel...
         Starting Create list of required st... nodes for the current kernel...
[   18.840677] systemd[1]: Starting Load Kernel Modules...
         Starting Load Kernel Modules...
[   18.843643] systemd[1]: Listening on udev Kernel Socket.
[[0;32m  OK  [0m] Listening on udev Kernel Socket.
[   18.847564] systemd[1]: Starting Journal Service...
         Starting Journal Service...
[   18.850714] systemd[1]: Started Trigger resolvconf update for networkd DNS.
[[0;32m  OK  [0m] Started Trigger resolvconf update for networkd DNS.
[   18.855314] systemd[1]: Mounting POSIX Message Queue File System...
         Mounting POSIX Message Queue File System...
[   18.859413] Loading iSCSI transport class v2.0-870.
[   18.859555] systemd[1]: Created slice system-serial\x2dgetty.slice.
[[0;32m  OK  [0m] Created slice system-serial\x2dgetty.slice.
[   18.864673] systemd[1]: Listening on fsck to fsckd communication Socket.
[[0;32m  OK  [0m] Listening on fsck to fsckd communication Socket.
[   18.870939] systemd[1]: Starting File System Check on Root Device...
         Starting File System Check on Root Device...
[   18.874475] systemd[1]: Created slice User and Session Slice.
[[0;32m  OK  [0m] Created slice User and Session Slice.
[   18.878253] systemd[1]: Reached target Slices.
[[0;32m  OK  [0m] Reached target Slices.
[   18.880810] systemd[1]: Started Forward Password Requests to Wall Directory Watch.
[[0;32m  OK  [0m] Started Forward Password Requests to Wall Directory Watch.
[   18.885047] systemd[1]: Reached target System Time Synchronized.
[[0;32m  OK  [0m] Reached targ[   18.889445] iscsi: registered transport (tcp)
et System Time Synchronized.
[   18.894003] systemd[1]: Listening on LVM2 metadata daemon socket.
[[0;32m  OK  [0m] Listening on LVM2 metadata daemon socket.
[   18.898795] systemd[1]: Starting Monitoring of LVM2 mirrors, snapshots etc. using dmeventd or progress polling...
         Starting Monitoring of LVM2 mirrors... dmeventd or progress polling...
[   18.904951] systemd[1]: Reached target Swap.
[[0;32m  OK  [0m] Reached target Swap.
[   18.910046] systemd[1]: Listening on /dev/initctl Compatibility Named Pipe.
[[0;32m  OK  [0m] Listening on /dev/initctl Compatibility Named Pipe.
[   18.916643] systemd[1]: Starting Set console keymap...
         Starting Set console keymap...
[   18.922216] systemd[1]: Mounting Debug File System...
         Mounting Debug File System...
[   18.929357] systemd[1]: Mounted Huge Pages File System.
[[0;32m  OK  [0m] Mounted Huge Pages File System.
[   18.932588] systemd[1]: Mounted POSIX Message Queue File System.
[[0;32m  OK  [0m] Mounted POSIX Message Queue File System.
[   18.935980] systemd[1]: Mounted Debug File System.
[[0;32m  OK  [0m] Mounted Debug File System.
[   18.938887] systemd[1]: Started Journal Service.
[[0;32m  OK  [0m] Started Journal Service.
[[0;32m  OK  [0m] Started Uncomplicated firewall.
[[0;32m  OK  [0m] Started Create list of required sta...ce nodes for the current kernel.
[[0;32m  OK  [0m] Started File System Check on Root Device.
[[0;32m  OK  [0m] Started Nameserver information manager.
[[0;32m  OK  [0m] Started LVM2 metadata daemon.
[   18.968986] iscsi: registered transport (iser)
[[0;32m  OK  [0m] Started File System Check Daemon to report status.
         Starting Remount Root and Kernel File Systems...
         Starting Create Static Device Nodes in /dev...
[   18.980666] random: nonblocking pool is initialized
[[0;32m  OK  [0m] Started Load Kernel Modules.[   18.985047] EXT4-fs (sda1): re-mounted. Opts: (null)

[[0;32m  OK  [0m] Started Set console keymap.
[[0;32m  OK  [0m] Started Remount Root and Kernel File Systems.
         Starting Flush Journal to Persistent Storage...
         Starting Load/Save Random Seed...
         Starting udev Coldplug all Devices...
         Starting Apply Kernel Variables...
         Mounting FUSE Control File System...
[[0;32m  OK  [0m] Mounted FUSE Control File System.
[[0;32m  OK  [0m] Started Create Static Device Nodes in /dev.
[[0;32m  OK  [0m] Started Load/Save Random Seed.
[[0;32m  OK  [0m] Started Apply Kernel Variables.
         Starting udev Kernel Device Manager...
[[0;32m  OK  [0m] Started Flush Journal to Persistent Storage.
[[0;32m  OK  [0m] Started udev Kernel Device Manager.
[[0;32m  OK  [0m] Started udev Coldplug all Devices.
[[0;32m  OK  [0m] Started Dispatch Password Requests to Console Directory Watch.
[[0;32m  OK  [0m] Found device /dev/ttyS0.
[[0;32m  OK  [0m] Listening on Load/Save RF Kill Switch Status /dev/rfkill Watch.
[[0;32m  OK  [0m] Started Monitoring of LVM2 mirrors,...ng dmeventd or progress polling.
[[0;32m  OK  [0m] Reached target Local File Systems (Pre).
[[0;32m  OK  [0m] Reached target Local File Systems.
         Starting LSB: AppArmor initialization...
         Starting Commit a transient machine-id on disk...
         Starting Initial cloud-init job (pre-networking)...
         Starting Set console font and keymap...
         Starting Create Volatile Files and Directories...
         Starting Tell Plymouth To Write Out Runtime Data...
[[0;32m  OK  [0m] Started Commit a transient machine-id on disk.
[[0;32m  OK  [0m] Started Create Volatile Files and Directories.
[[0;32m  OK  [0m] Started Tell Plymouth To Write Out Runtime Data.
         Starting Update UTMP about System Boot/Shutdown...
[[0;32m  OK  [0m] Started Update UTMP about System Boot/Shutdown.
[[0;32m  OK  [0m] Started Set console font and keymap.
[[0;32m  OK  [0m] Created slice system-getty.slice.
[[0;32m  OK  [0m] Started LSB: AppArmor initialization.
         Starting Load AppArmor profiles managed internally by snapd...
[[0;32m  OK  [0m] Started Load AppArmor profiles managed internally by snapd.
[   17.061866] cloud-init[866]: Cloud-init v. 21.1-19-gbad84ad4-0ubuntu1~16.04.2 running 'init-local' at Fri, 20 May 2022 09:56:21 +0000. Up 16.73 seconds.
[[0;32m  OK  [0m] Started Initial cloud-init job (pre-networking).
[[0;32m  OK  [0m] Reached target Network (Pre).
         Starting Raise network interfaces...
[[0;32m  OK  [0m] Started Raise network interfaces.
         Starting Initial cloud-init job (metadata service crawler)...
[[0;32m  OK  [0m] Reached target Network.
[   18.971048] cloud-init[1212]: Cloud-init v. 21.1-19-gbad84ad4-0ubuntu1~16.04.2 running 'init' at Fri, 20 May 2022 09:56:22 +0000. Up 18.25 seconds.
[   18.975609] cloud-init[1212]: ci-info: ++++++++++++++++++++++++++++++++++++++Net device info+++++++++++++++++++++++++++++++++++++++
[   18.979662] cloud-init[1212]: ci-info: +--------+-------+----------------------------+---------------+--------+-------------------+
[   19.041917] [cloud-init[0;32m  OK  [0m[1212]: ] ci-info: | Device |   Up  |          Address           |      Mask     | Scope  |     Hw-Address    |Started Initial cloud-init job (metadata service crawler).

[   19.042466] [cloud-init[0;32m  OK  [0m[1212]: ] ci-info: +--------+-------+----------------------------+---------------+--------+-------------------+Reached target Network is Online.

[   19.049814] cloud-init[1212]: ci-info: | enp0s3 |  True |         10.0.2.15          | 255.255.255.0 | global | 02:be:82:6b:cc:1d |
[   19.055956] cloud-init[1212]: ci-info: | enp0s3 |  True | fe80::be:82ff:fe6b:cc1d/64 |       .       |  link  | 02:be:82:6b:cc:1d |
[   19.058535] cloud-init[1212]: ci-info: | enp0s8 | False |             .              |       .       |   .    | 08:00:27:ae:d2:ef |
[   19.061104] cloud-init[1212]: ci-info: |   lo   |  True |         127.0.0.1          |   255.0.0.0   |  host  |         .         |
[   19.063620] cloud-init[1212]: ci-info: |   lo   |  True |          ::1/128           |       .       |  host  |         .         |
[   19.066217] cloud-init[1212]: ci-info: +--------+-------+----------------------------+---------------+--------+-------------------+
[   19.068637] cloud-init[1212]: ci-info: +++++++++++++++++++++++++++Route IPv4 info++++++++++++++++++++++++++++
[   19.070514] cloud-init[1212]: ci-info: +-------+-------------+----------+---------------+-----------+-------+
         Starting iSCSI initiator daemon (iscsid)...
[   19.072447] [cloud-init[0;32m  OK  [0m[1212]: ] ci-info: | Route | Destination | Gateway  |    Genmask    | Interface | Flags |Reached target System Initialization.

[   19.076496] cloud-init[1212]: ci-info: +-------+-------------+----------+---------------+-----------+-------+
[   19.079556] cloud-init[1212]: [ci-info: |   0   |   0.0.0.0   | 10.0.2.2 |    0.0.0.0    |   enp0s3  |   UG  |[0;32m  OK  [0m
] Started Ubuntu Advantage update messaging.
[   19.079963] [cloud-init[0;32m  OK  [0m[1212]: ] ci-info: |   1   |   10.0.2.0  | 0.0.0.0  | 255.255.255.0 |   enp0s3  |   U   |Started Message of the Day.

         [   19.083122] Starting Socket activation for snappy daemon.cloud-init
[1212]: ci-info: +-------+-------------+----------+---------------+-----------+-------+
[   19.088182]          cloud-initStarting LXD - unix socket.[1212]: 
ci-info: +++++++++++++++++++Route IPv6 info+++++++++++++++++++
[   19.090361] [cloud-init[0;32m  OK  [0m[1212]: ] ci-info: +-------+-------------+---------+-----------+-------+Started Daily Cleanup of Temporary Directories.

[   19.090903] cloud-init[1212]: ci-info: | Route | Destination | Gateway | Interface | Flags |
[   19.094970] [cloud-init[0;32m  OK  [0m[1212]: ] ci-info: +-------+-------------+---------+-----------+-------+Started ACPI Events Check.

[[   19.095461] [0;32m  OK  [0mcloud-init] [1212]: Reached target Paths.ci-info: |   0   |  fe80::/64  |    ::   |   enp0s3  |   U   |

[   19.099751] [cloud-init[0;32m  OK  [0m[1212]: ] ci-info: |   3   |   ff00::/8  |    ::   |   enp0s3  |   U   |Listening on D-Bus System Message Bus Socket.

[[   19.100298] [0;32m  OK  [0mcloud-init] [1212]: Listening on UUID daemon activation socket.ci-info: +-------+-------------+---------+-----------+-------+

[   19.105042] [cloud-init[0;32m  OK  [0m[1212]: ] Generating public/private rsa key pair.Started Daily apt download activities.

[   19.105509] cloud-init[1212]: Your identification has been saved in /etc/ssh/ssh_host_rsa_key.
[[0;32m  OK  [0m] Started Daily apt upgrade and clean activities.
[   19.105865] cloud-init[1212]: Your public key has been saved in /etc/ssh/ssh_host_rsa_key.pub.
[[0;32m  OK  [0m] Reached target Timers.
[   19.106244] cloud-init[1212]: The key fingerprint is:
[[0;32m  OK  [0m] Listening on ACPID Listen Socket.
[   19.106620] cloud-init[1212]: SHA256:VP7OKK0QCHpDjoxU5I7YsQtxbppd7drp9+lAP+O4IcQ root@ubuntu-xenial
[[0;32m  OK  [0m] Reached target Cloud-config availability.
[   19.106983] cloud-init[1212]: The key's randomart image is:
[   19.123309] [cloud-init[0;32m  OK  [0m[1212]: ] +---[RSA 2048]----+Listening on Socket activation for snappy daemon.

[[   19.124139] [0;32m  OK  [0mcloud-init] [1212]: Listening on LXD - unix socket.|  .o      .      |

[   19.127891] [cloud-init[0;32m  OK  [0m[1212]: ] |  o      o       |Started iSCSI initiator daemon (iscsid).

[   19.128704] cloud-init[1212]: |..=.    . .      |
[   19.131632]          cloud-initStarting Login to default iSCSI targets...[1212]: 
|=Xo+ + .   .     |
[[   19.132168] [0;32m  OK  [0mcloud-init] [1212]: Reached target Sockets.|*oO.o E S   .    |

[   19.301131] [cloud-init[0;32m  OK  [0m[1212]: ] | B + o o o +     |Reached target Basic System.

[   19.301548] cloud-init[1212]: |o o   + + * o    |
[   19.305230] cloud-init[1212]: |     o +.B +     |
[   19.307197]          cloud-initStarting Login Service...[1212]: 
|    ..+.++=      |
[   19.309804]          cloud-initStarting LSB: MD monitoring daemon...[1212]: 
+----[SHA256]-----+
[   19.312558] cloud-init[1212]: Generating public/private dsa key pair.
[   19.314348]          cloud-initStarting Pollinate to seed the pseudo random number generator...[1212]: 
Your identification has been saved in /etc/ssh/ssh_host_dsa_key.
[   19.318156]          cloud-initStarting System Logging Service...[1212]: 
Your public key has been saved in /etc/ssh/ssh_host_dsa_key.pub.
[   19.325271] [cloud-init[0;32m  OK  [0m[1212]: ] The key fingerprint is:Started Regular background program processing daemon.

[   19.325673] cloud-init[1212]: SHA256:7hAOdWcxE3TOeHvYrTtpyhWN4qxnqzML5mbZujJf4WY root@ubuntu-xenial
[   19.330280] [cloud-init[0;32m  OK  [0m[1212]: ] The key's randomart image is:Started Deferred execution scheduler.

[   19.330860] cloud-init[1212]: +---[DSA 1024]----+
[   19.334967]          cloud-initStarting /etc/rc.local Compatibility...[1212]: 
|         .*..    |
         Starting Accounts Service...
[   19.338626] cloud-init[1212]: |           O     |
         Starting LXD - container startup/shutdown...
[   19.341290] cloud-init[1212]: |      . . + +    |
[   19.346405] [cloud-init[0;32m  OK  [0m[1212]: ] |     . . o . + + |Started ACPI event daemon.

[   19.346809] cloud-init[1212]: |    . . S . + = o|
[   19.349930] [cloud-init[0;32m  OK  [0m[1212]: ] |     o o . + o o |Started D-Bus System Message Bus.

[   19.350338] cloud-init[1212]: |      o +oE o o. |
[   19.356316] cloud-init[1212]: |      o=+=+oo.+. |
[   19.357694] cloud-init[1212]: |       **o+B++.. |
[   19.368760] cloud-init[1212]: +----[SHA256]-----+
[   19.371297] cloud-init[1212]: Generating public/private ecdsa key pair.
[   19.373698] cloud-init[1212]: Your identification has been saved in /etc/ssh/ssh_host_ecdsa_key.
[   19.376221] cloud-init[1212]: Your public key has been saved in /etc/ssh/ssh_host_ecdsa_key.pub.
[   19.378486] cloud-init[1212]: The key fingerprint is:
[   19.380273] cloud-init[1212]: SHA256:Sa7w7A95WgZVNfJ2tuapxwIFNULWtuzYRM3UUuwlB9I root@ubuntu-xenial
[   19.382574] cloud-init[1212]: The key's randomart image is:
[   19.385870] cloud-init[1212]: +---[ECDSA 256]---+
[   19.387129] cloud-init[1212]: |         .*+*=o=.|
[   19.388539] cloud-init[1212]: |         o.+++E =|
[   19.390463] cloud-init[1212]: |        o  =o.o=.|
[   19.391737] cloud-init[1212]: |       + . .=o ..|
[   19.393348] cloud-init[1212]: |    . . S  *  o  |
[   19.394858] cloud-init[1212]: |     + +  o oo . |
[   19.396262] cloud-init[1212]: |      * +  . .o  |
[   19.397604] cloud-init[1212]: |     . *    ..o  |
[   19.474970] [cloud-init[0;32m  OK  [0m[1212]: ] |      o..   .o   |Started FUSE filesystem for LXC.

[   19.475816] cloud-init[1212]: +----[SHA256]-----+
[   19.518867] cloud-init[1212]: Generating public/private ed25519 key pair.
[   19.521488] cloud-init[1212]: Your identification has been saved in /etc/ssh/ssh_host_ed25519_key.
[   19.524779] cloud-init[1212]: Your public key has been saved in /etc/ssh/ssh_host_ed25519_key.pub.
[   19.529677] cloud-init[1212]: The key fingerprint is:
[   19.533104] cloud-init[1212]: SHA256:8mKPqyG5S2c2QRoh88vWyQyUMhsPSiu+nXgzrZDBNPU root@ubuntu-xenial
[   19.535334] cloud-init[1212]: The key's randomart image is:
[   19.536995] cloud-init[1212]: +--[ED25519 256]--+
[   19.538464] cloud-init[1212]: |o oo             |
[   19.539911] cloud-init[1212]: |=*o..            |
         Starting Virtualbox guest utils...
[   19.549347] cloud-init[1212]: |oX= .E           |
[   19.552558]          cloud-initStarting LSB: Record successful boot for GRUB...[1212]: 
|*ooX .           |
[   19.556253] cloud-init[1212]: |oo= * . S        |
         Starting Snap Daemon...
[   19.557068] cloud-init[1212]: | oo. . o         |
[   19.565795] [cloud-init[0;32m  OK  [0m[1212]: ] | oB O o .        |Started System Logging Service.

[   19.566210] cloud-init[1212]: | +.% = +         |
[   19.573252] [cloud-init[0;32m  OK  [0m[1212]: ] |  +o=.o..        |Started /etc/rc.local Compatibility.

[   19.574112] cloud-init[1212]: +----[SHA256]-----+
[[0;32m  OK  [0m] Started LXD - container startup/shutdown.
[[0;32m  OK  [0m] Started Login Service.
[[0;32m  OK  [0m] Started Unattended Upgrades Shutdown.
         Starting Authenticate and Authorize Users to Run Privileged Tasks...
[[0;32m  OK  [0m] Started Login to default iSCSI targets.
[[0;32m  OK  [0m] Started LSB: MD monitoring daemon.
[[0;32m  OK  [0m] Started LSB: Record successful boot for GRUB.
[[0;32m  OK  [0m] Reached target Remote File Systems (Pre).
[[0;32m  OK  [0m] Reached target Remote File Systems.
         Starting LSB: daemon to balance interrupts for SMP systems...
         Starting Permit User Sessions...
         Starting LSB: automatic crash report generation...
         Starting LSB: Set the CPU Frequency Scaling governor to "ondemand"...
[[0;32m  OK  [0m] Started Virtualbox guest utils.
[[0;32m  OK  [0m] Started Permit User Sessions.
[[0;32m  OK  [0m] Started Authenticate and Authorize Users to Run Privileged Tasks.
[[0;32m  OK  [0m] Started Accounts Service.
         Starting Terminate Plymouth Boot Screen...
         Starting Hold until boot process finishes up...
[[0;32m  OK  [0m] Started LSB: Set the CPU Frequency Scaling governor to "ondemand".
[[0;32m  OK  [0m] Started LSB: automatic crash report generation.
[[0;32m  OK  [0m] Started Terminate Plymouth Boot Screen.
[[0;32m  OK  [0m] Started Hold until boot process finishes up.
         Starting Set console scheme...
[[0;32m  OK  [0m] Started Serial Getty on ttyS0.
[[0;32m  OK  [0m] Started Getty on tty1.
[[0;32m  OK  [0m] Reached target Login Prompts.
[[0;32m  OK  [0m] Started LSB: daemon to balance interrupts for SMP systems.
[[0;32m  OK  [0m] Started Set console scheme.
[[0;32m  OK  [0m] Started Snap Daemon.
         Starting Wait until snapd is fully seeded...
[[0;32m  OK  [0m] Started Pollinate to seed the pseudo random number generator.
         Starting OpenBSD Secure Shell server...
[[0;32m  OK  [0m] Started OpenBSD Secure Shell server.
[[0;32m  OK  [0m] Started Wait until snapd is fully seeded.
[[0;32m  OK  [0m] Reached target Multi-User System.
[[0;32m  OK  [0m] Reached target Graphical Interface.
         Starting Update UTMP about System Runlevel Changes...
         Starting Apply the settings specified in cloud-config...
[[0;32m  OK  [0m] Started Update UTMP about System Runlevel Changes.
[   23.142005] cloud-init[1599]: Generating locales (this might take a while)...
[   24.004917] cloud-init[1599]:   en_US.UTF-8... done
[   24.012262] cloud-init[1599]: Generation complete.
[   24.470064] cloud-init[1599]: Cloud-init v. 21.1-19-gbad84ad4-0ubuntu1~16.04.2 running 'modules:config' at Fri, 20 May 2022 09:56:27 +0000. Up 23.00 seconds.
[[0;32m  OK  [0m] Started Apply the settings specified in cloud-config.
         Starting Execute cloud user/final scripts...
ci-info: no authorized SSH keys fingerprints found for user ubuntu.
<14>May 20 09:56:29 ec2: 
<14>May 20 09:56:29 ec2: #############################################################
<14>May 20 09:56:29 ec2: -----BEGIN SSH HOST KEY FINGERPRINTS-----
<14>May 20 09:56:29 ec2: 1024 SHA256:7hAOdWcxE3TOeHvYrTtpyhWN4qxnqzML5mbZujJf4WY root@ubuntu-xenial (DSA)
<14>May 20 09:56:29 ec2: 256 SHA256:Sa7w7A95WgZVNfJ2tuapxwIFNULWtuzYRM3UUuwlB9I root@ubuntu-xenial (ECDSA)
<14>May 20 09:56:29 ec2: 256 SHA256:8mKPqyG5S2c2QRoh88vWyQyUMhsPSiu+nXgzrZDBNPU root@ubuntu-xenial (ED25519)
<14>May 20 09:56:29 ec2: 2048 SHA256:VP7OKK0QCHpDjoxU5I7YsQtxbppd7drp9+lAP+O4IcQ root@ubuntu-xenial (RSA)
<14>May 20 09:56:29 ec2: -----END SSH HOST KEY FINGERPRINTS-----
<14>May 20 09:56:29 ec2: #############################################################
-----BEGIN SSH HOST KEY KEYS-----
ecdsa-sha2-nistp256 AAAAE2VjZHNhLXNoYTItbmlzdHAyNTYAAAAIbmlzdHAyNTYAAABBBGrz0cuODwZ06DHGqu5gaBzZQzz8LS/x2tVTWOkT3eYp/qoJ9hbRIaTf1Kd4LjdAqGkXdrP9wPh+1Z+3Zf+Dn+E= root@ubuntu-xenial
ssh-ed25519 AAAAC3NzaC1lZDI1NTE5AAAAIMLNY4pPUvQEKm8CF46vx+8y1rmuXf3DxQhra2Q9uABu root@ubuntu-xenial
ssh-rsa AAAAB3NzaC1yc2EAAAADAQABAAABAQCoowlcyO6/JJR1UzSNvzE1/o65LnSZFRuk6XSFt8MNLMxG7jYPpvIGefWctVjUDCl59enepiHJyXT/qlCnX9Lx0EhP3FONXcpEwDP3BVAk0I2kyvIeHcXY+sRfsC+7/egbU+WRqnuEpfRKEop+KiPKjw5Ilyqa06YW0J+rCxBoOvvCstbDHJESjrkCz2XiT3wmLI/SUzOKudE2dM8hdDf3/uRPrGGpglzRHdSB8lpaNmrpaVvAtf2T7R8+bd+Oc6wweLwyFX5fMGV5SwaU6DJs1OEQpVLfm9YBoJVs95rKRiMffQK3bAz+UFkwEvAo9jspi1N3XhrTaZsibdISP7wL root@ubuntu-xenial
-----END SSH HOST KEY KEYS-----
[   24.996834] cloud-init[1651]: Cloud-init v. 21.1-19-gbad84ad4-0ubuntu1~16.04.2 running 'modules:final' at Fri, 20 May 2022 09:56:29 +0000. Up 24.83 seconds.
[   24.997220] cloud-init[1651]: ci-info: no authorized SSH keys fingerprints found for user ubuntu.
[   24.997511] cloud-init[1651]: Cloud-init v. 21.1-19-gbad84ad4-0ubuntu1~16.04.2 finished at Fri, 20 May 2022 09:56:29 +0000. Datasource DataSourceNoCloud [seed=/dev/sdb][dsmode=net].  Up 24.98 seconds

Ubuntu 16.04.7 LTS ubuntu-xenial ttyS0

ubuntu-xenial login: 